<?xml version="1.0" encoding="UTF-8"?>
<!-- Generated by org.testng.reporters.JUnitXMLReporter -->
<testsuite ignored="3" hostname="Moni" failures="1" tests="1" name="Default test(failed)" time="0.074" errors="0" timestamp="25 Oct 2021 09:21:33 GMT">
  <testcase classname="org.maven.Cls1" name="logic" time="0.021">
    <failure type="java.lang.AssertionError" message="WRONG CONDITION expected [true] but found [false]">
      <![CDATA[java.lang.AssertionError: WRONG CONDITION expected [true] but found [false]
at org.maven.Cls1.logic(Cls1.java:10)
... Removed 28 stack frames]]>
    </failure>
  </testcase> <!-- logic -->
  <testcase classname="org.maven.Cls1" name="the" time="0.0">
    <ignored/>
  </testcase> <!-- the -->
  <testcase classname="org.maven.Cls1" name="supe" time="0.0">
    <ignored/>
  </testcase> <!-- supe -->
  <testcase classname="org.maven.Cls1" name="man" time="0.0">
    <ignored/>
  </testcase> <!-- man -->
</testsuite> <!-- Default test(failed) -->
