<?xml version="1.0" encoding="UTF-8"?>
<!-- Generated by org.testng.reporters.JUnitXMLReporter -->
<testsuite ignored="0" hostname="Moni" failures="0" tests="6" name="Test" time="0.13" errors="0" timestamp="23 Oct 2021 15:02:49 GMT">
  <testcase classname="org.maven.Cls1" name="logic" time="0.019"/>
  <testcase classname="org.maven.Cls1" name="supe" time="0.003"/>
  <testcase classname="org.maven.Cls1" name="the" time="0.003"/>
  <testcase classname="org.maven.Cls1" name="man" time="0.003"/>
  <testcase classname="org.maven.Cls2" name="third" time="0.003"/>
  <testcase classname="org.maven.Cls2" name="four" time="0.002"/>
</testsuite> <!-- Test -->
